<?xml version="1.0" encoding="UTF-8"?>
<!-- Generated by org.testng.reporters.JUnitXMLReporter -->
<testsuite ignored="0" hostname="DESKTOP-D4N01GG" failures="0" tests="3" name="Surefire test" time="0.68" errors="0" timestamp="2024-09-30T17:42:08 PDT">
  <testcase classname="exceptions.sampleReportTest" name="createContactTe" time="0.564"/>
  <testcase classname="exceptions.sampleReportTest" name="createContactTes" time="0.022"/>
  <testcase classname="exceptions.sampleReportTest" name="createContactTest" time="0.027"/>
</testsuite> <!-- Surefire test -->
