<?xml version="1.0" encoding="UTF-8"?>
<!-- Generated by org.testng.reporters.JUnitXMLReporter -->
<testsuite ignored="0" hostname="DESKTOP-D4N01GG" failures="0" tests="3" name="Default test" time="0.461" errors="0" timestamp="2024-09-30T16:03:27 PDT">
  <testcase classname="sampleReportTest" name="createContactTe" time="0.376"/>
  <testcase classname="sampleReportTest" name="createContactTes" time="0.016"/>
  <testcase classname="sampleReportTest" name="createContactTest" time="0.016"/>
</testsuite> <!-- Default test -->
