<?xml version="1.0" encoding="UTF-8"?>
<testng-results ignored="0" total="3" passed="3" failed="0" skipped="0">
  <reporter-output>
  </reporter-output>
  <suite started-at="2024-09-30T17:42:08 PDT" name="Surefire suite" finished-at="2024-09-30T17:42:08 PDT" duration-ms="680">
    <groups>
    </groups>
    <test started-at="2024-09-30T17:42:08 PDT" name="Surefire test" finished-at="2024-09-30T17:42:08 PDT" duration-ms="680">
      <class name="exceptions.sampleReportTest">
        <test-method is-config="true" signature="bs()[pri:0, instance:exceptions.sampleReportTest@7880cdf3]" started-at="2024-09-30T17:42:07 PDT" name="bs" finished-at="2024-09-30T17:42:08 PDT" duration-ms="329" status="PASS">
          <reporter-output>
          </reporter-output>
        </test-method> <!-- bs -->
        <test-method signature="createContactTe()[pri:0, instance:exceptions.sampleReportTest@7880cdf3]" started-at="2024-09-30T17:42:08 PDT" name="createContactTe" finished-at="2024-09-30T17:42:08 PDT" duration-ms="564" status="PASS">
          <reporter-output>
          </reporter-output>
        </test-method> <!-- createContactTe -->
        <test-method signature="createContactTes()[pri:0, instance:exceptions.sampleReportTest@7880cdf3]" started-at="2024-09-30T17:42:08 PDT" name="createContactTes" finished-at="2024-09-30T17:42:08 PDT" duration-ms="22" status="PASS">
          <reporter-output>
          </reporter-output>
        </test-method> <!-- createContactTes -->
        <test-method signature="createContactTest()[pri:0, instance:exceptions.sampleReportTest@7880cdf3]" started-at="2024-09-30T17:42:08 PDT" name="createContactTest" finished-at="2024-09-30T17:42:08 PDT" duration-ms="27" status="PASS">
          <reporter-output>
          </reporter-output>
        </test-method> <!-- createContactTest -->
        <test-method is-config="true" signature="as()[pri:0, instance:exceptions.sampleReportTest@7880cdf3]" started-at="2024-09-30T17:42:08 PDT" name="as" finished-at="2024-09-30T17:42:08 PDT" duration-ms="19" status="PASS">
          <reporter-output>
          </reporter-output>
        </test-method> <!-- as -->
      </class> <!-- exceptions.sampleReportTest -->
    </test> <!-- Surefire test -->
  </suite> <!-- Surefire suite -->
</testng-results>
